This is pdfeTeX, Version 3.141592-1.21a-2.2 (Web2C 7.5.4) (format=pdflatex 2015.3.24)  5 JUL 2016 11:28
entering extended mode
**Sieyes_HA.tex
(./Sieyes_HA.tex
LaTeX2e <2003/12/01>
Babel <v3.8d> and hyphenation patterns for american, french, german, ngerman, b
ahasa, basque, bulgarian, catalan, croatian, czech, danish, dutch, esperanto, e
stonian, finnish, greek, icelandic, irish, italian, latin, magyar, norsk, polis
h, portuges, romanian, russian, serbian, slovak, slovene, spanish, swedish, tur
kish, ukrainian, nohyphenation, loaded.
(/usr/share/texmf/tex/latex/koma-script/scrartcl.cls
Document Class: scrartcl 2004/09/16 v2.9t LaTeX2e KOMA document class
(/usr/share/texmf/tex/latex/koma-script/scrlfile.sty
Package: scrlfile 2004/09/16 v2.9t LaTeX2e KOMA package

Package scrlfile, 2004/09/16 v2.9t LaTeX2e KOMA package
                  Copyright (C) Markus Kohm

) (/usr/share/texmf/tex/latex/base/size12.clo
File: size12.clo 2004/02/16 v1.4f Standard LaTeX file (size option)
)
(/usr/share/texmf/tex/latex/koma-script/typearea.sty
Package: typearea 2004/09/16 v2.9t LaTeX2e KOMA package

Package typearea, 2004/09/16 v2.9t LaTeX2e KOMA package
                  Copyright (C) Frank Neukam, 1992-1994
                  Copyright (C) Markus Kohm, 1994-2002

\ta@bcor=\skip41
\ta@div=\count79
\ta@hblk=\skip42
\ta@vblk=\skip43
\ta@temp=\skip44
Package typearea Info: These are the values describing the layout:
(typearea)             DIV  = 12
(typearea)             BCOR = 0.0pt
(typearea)             \paperwidth      = 597.50793pt
(typearea)              \textwidth      = 448.13095pt
(typearea)              \columnwidth    = 0.0pt
(typearea)              \columnsep      = 0.0pt
(typearea)              DIV-departure   = -6/100
(typearea)              \evensidemargin = 2.4185pt
(typearea)              \oddsidemargin  = 2.4185pt
(typearea)             \paperheight     = 845.04694pt
(typearea)              \textheight     = 635.5pt
(typearea)              \topmargin      = -41.72441pt
(typearea)              \headheight     = 18.125pt
(typearea)              \headsep        = 21.75pt
(typearea)              \topskip        = 12.0pt
(typearea)              \footskip       = 50.75pt
(typearea)              \baselineskip   = 14.5pt
(typearea)              on input line 633.
)
\c@part=\count80
\c@section=\count81
\c@subsection=\count82
\c@subsubsection=\count83
\c@paragraph=\count84
\c@subparagraph=\count85
\c@figure=\count86
\c@table=\count87
\abovecaptionskip=\skip45
\belowcaptionskip=\skip46
\c@pti@nb@sid@b@x=\box26
\bibindent=\dimen102
) (/usr/share/texmf/tex/latex/base/fontenc.sty
Package: fontenc 2004/02/22 v1.99f Standard LaTeX package

(/usr/share/texmf/tex/latex/base/t1enc.def
File: t1enc.def 2004/02/22 v1.99f Standard LaTeX file
LaTeX Font Info:    Redeclaring font encoding T1 on input line 43.
))
(/usr/share/texmf/tex/latex/base/inputenc.sty
Package: inputenc 2004/02/05 v1.0d Input encoding file

(/usr/share/texmf/tex/latex/base/latin1.def
File: latin1.def 2004/02/05 v1.0d Input encoding file
)
(/usr/share/texmf/tex/latex/base/ansinew.def
File: ansinew.def 2004/02/05 v1.0d Input encoding file
))
(/usr/share/texmf/tex/latex/psnfss/helvet.sty
Package: helvet 2004/09/15 PSNFSS-v9.2 (WaS) 

(/usr/share/texmf/tex/latex/graphics/keyval.sty
Package: keyval 1999/03/16 v1.13 key=value parser (DPC)
\KV@toks@=\toks14
))
(/usr/share/texmf/tex/generic/german/ngerman.sty v2.5e 1998-07-08
Package: ngerman 1998/07/08 v2.5e Support for writing german texts (br)
\grmnU@D=\dimen103
)
(/usr/share/texmf/tex/latex/setspace/setspace.sty
Package: setspace 2000/12/01 6.7 Contributed and Supported LaTeX2e package

Package: `setspace' 6.7 <2000/12/01>
) (/usr/share/texmf/tex/latex/footmisc/footmisc.sty
Package: footmisc 2004/05/02 v5.3c a miscellany of footnote facilities
\FN@temptoken=\toks15
\footnotemargin=\dimen104
\c@pp@next@reset=\count88
Package footmisc Info: Declaring symbol style bringhurst on input line 802.
Package footmisc Info: Declaring symbol style chicago on input line 803.
Package footmisc Info: Declaring symbol style wiley on input line 804.
Package footmisc Info: Declaring symbol style lamport-robust on input line 808.

Package footmisc Info: Declaring symbol style lamport* on input line 816.
Package footmisc Info: Declaring symbol style lamport*-robust on input line 825
.
)
(/usr/share/texmf/tex/latex/geometry/geometry.sty
Package: geometry 2002/07/08 v3.2 Page Geometry
\Gm@cnth=\count89
\Gm@cntv=\count90
\c@Gm@tempcnt=\count91
\Gm@bindingoffset=\dimen105
\Gm@wd@mp=\dimen106
\Gm@odd@mp=\dimen107
\Gm@even@mp=\dimen108
\Gm@dimlist=\toks16

(/usr/share/texmf/tex/latex/geometry/geometry.cfg))
(/usr/share/texmf/tex/latex/url/url.sty
\Urlmuskip=\muskip10
Package: url 2004/03/15  ver 3.1  Verb mode for urls, etc.
)
(/usr/share/texmf/tex/latex/graphics/color.sty
Package: color 1999/02/16 v1.0i Standard LaTeX Color (DPC)

(/usr/share/texmf/tex/latex/graphics/color.cfg
File: color.cfg 2005/02/03 v1.3 color configuration of teTeX/TeXLive
)
Package color Info: Driver file: pdftex.def on input line 125.

(/usr/share/texmf/tex/latex/graphics/pdftex.def
File: pdftex.def 2002/06/19 v0.03k graphics/color for pdftex
\Gread@gobject=\count92
))
(/usr/share/texmf/tex/latex/koma-script/scrpage2.sty
Package: scrpage2 2004/09/05 v2.2a LaTeX2e KOMA package
)
(/usr/share/texmf/tex/latex/carlisle/remreset.sty)
(/usr/share/texmf/tex/latex/tocloft/tocloft.sty
Package: tocloft 2003/09/26 v2.3c parameterised ToC, etc., typesetting


Package tocloft Note: The document has section divisions.

\cftparskip=\skip47
\cftbeforetoctitleskip=\skip48
\cftaftertoctitleskip=\skip49
\cftbeforepartskip=\skip50
\cftpartnumwidth=\skip51
\cftpartindent=\skip52
\cftbeforesecskip=\skip53
\cftsecindent=\skip54
\cftsecnumwidth=\skip55
\cftbeforesubsecskip=\skip56
\cftsubsecindent=\skip57
\cftsubsecnumwidth=\skip58
\cftbeforesubsubsecskip=\skip59
\cftsubsubsecindent=\skip60
\cftsubsubsecnumwidth=\skip61
\cftbeforeparaskip=\skip62
\cftparaindent=\skip63
\cftparanumwidth=\skip64
\cftbeforesubparaskip=\skip65
\cftsubparaindent=\skip66
\cftsubparanumwidth=\skip67
\cftbeforeloftitleskip=\skip68
\cftafterloftitleskip=\skip69
\cftbeforefigskip=\skip70
\cftfigindent=\skip71
\cftfignumwidth=\skip72
\c@lofdepth=\count93
\c@lotdepth=\count94
\cftbeforelottitleskip=\skip73
\cftafterlottitleskip=\skip74
\cftbeforetabskip=\skip75
\cfttabindent=\skip76
\cfttabnumwidth=\skip77
) (/usr/share/texmf/tex/latex/hyperref/hyperref.sty
Package: hyperref 2003/11/30 v6.74m Hypertext links for LaTeX
\@linkdim=\dimen109
\Hy@linkcounter=\count95
\Hy@pagecounter=\count96

(/usr/share/texmf/tex/latex/hyperref/pd1enc.def
File: pd1enc.def 2003/11/30 v6.74m Hyperref: PDFDocEncoding definition (HO)
)
(/usr/share/texmf/tex/latex/hyperref/hyperref.cfg
File: hyperref.cfg 2002/06/06 v1.2 hyperref configuration of TeXLive and teTeX
)
Package hyperref Info: Option `draft' set `true' on input line 1830.
Package hyperref Info: Option `hypertexnames' set `true' on input line 1830.
Package hyperref Info: Option `breaklinks' set `true' on input line 1830.
Package hyperref Info: Option `colorlinks' set `true' on input line 1830.
Package hyperref Info: Option `plainpages' set `false' on input line 1830.
Package hyperref Info: Option `pdfpagelabels' set `true' on input line 1830.
Package hyperref Info: Option `bookmarks' set `true' on input line 1830.
Package hyperref Info: Option `bookmarksnumbered' set `true' on input line 1830
.
Package hyperref Info: Hyper figures OFF on input line 1880.
Package hyperref Info: Link nesting OFF on input line 1885.
Package hyperref Info: Hyper index ON on input line 1888.
Package hyperref Info: Plain pages OFF on input line 1895.
Package hyperref Info: Backreferencing OFF on input line 1900.

Implicit mode ON; LaTeX internals redefined
Package hyperref Info: Bookmarks ON on input line 2004.
LaTeX Info: Redefining \url on input line 2143.
\Fld@menulength=\count97
\Field@Width=\dimen110
\Fld@charsize=\dimen111
\Choice@toks=\toks17
\Field@toks=\toks18
Package hyperref Info: Hyper figures OFF on input line 2618.
Package hyperref Info: Link nesting OFF on input line 2623.
Package hyperref Info: Hyper index ON on input line 2626.
Package hyperref Info: backreferencing OFF on input line 2633.
Package hyperref Info: Link coloring ON on input line 2636.
\Hy@abspage=\count98
\c@Item=\count99
\c@Hfootnote=\count100
)
*hyperref using default driver hpdftex*
(/usr/share/texmf/tex/latex/hyperref/hpdftex.def
File: hpdftex.def 2003/11/30 v6.74m Hyperref driver for pdfTeX

(/usr/share/texmf/tex/latex/psnfss/pifont.sty
Package: pifont 2004/09/15 PSNFSS-v9.2 Pi font support (SPQR) 
LaTeX Font Info:    Try loading font information for U+pzd on input line 63.

(/usr/share/texmf/tex/latex/psnfss/upzd.fd
File: upzd.fd 2001/06/04 font definitions for U/pzd.
)
LaTeX Font Info:    Try loading font information for U+psy on input line 64.

(/usr/share/texmf/tex/latex/psnfss/upsy.fd
File: upsy.fd 2001/06/04 font definitions for U/psy.
))
\Fld@listcount=\count101
\@outlinefile=\write3
) (./breakurl.sty
Package: breakurl 2007/12/18 v1.21 Breakable hyperref URLs

(/usr/share/texmf/tex/latex/xkeyval/xkeyval.sty
Package: xkeyval 2005/01/30 v2.0 package option processing (HA)

(/usr/share/texmf/tex/generic/xkeyval/xkeyval.tex
\XKV@toks=\toks19
File: xkeyval.tex 2005/01/30 v2.0 key=value parser (HA)
))
(/usr/share/texmf/tex/latex/oberdiek/ifpdf.sty
Package: ifpdf 2001/06/14 v1.0 Providing \ifpdf (HO)
Package ifpdf Info: pdfTeX in pdf mode detected on input line 140.
)

Package breakurl Warning: You are using breakurl while processing via pdflatex.

(breakurl)                \burl will be just a synonym of \url.
(breakurl)                 on input line 47.

) (/usr/share/texmf/tex/latex/graphics/graphicx.sty
Package: graphicx 1999/02/16 v1.0f Enhanced LaTeX Graphics (DPC,SPQR)

(/usr/share/texmf/tex/latex/graphics/graphics.sty
Package: graphics 2001/07/07 v1.0n Standard LaTeX Graphics (DPC,SPQR)

(/usr/share/texmf/tex/latex/graphics/trig.sty
Package: trig 1999/03/16 v1.09 sin cos tan (DPC)
)
(/usr/share/texmf/tex/latex/graphics/graphics.cfg
File: graphics.cfg 2005/02/03 v1.3 graphics configuration of teTeX/TeXLive
)
Package graphics Info: Driver file: pdftex.def on input line 80.
)
\Gin@req@height=\dimen112
\Gin@req@width=\dimen113
)
(/usr/share/texmf/tex/latex/subfig/subfig.sty
Package: subfig 2004/01/28 ver: 1.2 subfig package

(/usr/share/texmf/tex/latex/caption/caption.sty
Package: caption 2004/07/16 v3.0c Customising captions (AS)
\captionmargin=\dimen114
\captionwidth=\dimen115
\captionindent=\dimen116
\captionparindent=\dimen117
\captionhangindent=\dimen118
)
\c@KVtest=\count102
\sf@farskip=\skip78
\sf@captopadj=\dimen119
\sf@capskip=\skip79
\sf@nearskip=\skip80
\c@subfigure=\count103
\c@subfigure@save=\count104
\c@subtable=\count105
\c@subtable@save=\count106
\sf@top=\skip81
\sf@bottom=\skip82
)
(/usr/share/texmf/tex/latex/listings/listings.sty
\lst@mode=\count107
\lst@gtempboxa=\box27
\lst@token=\toks20
\lst@length=\count108
\lst@currlwidth=\dimen120
\lst@column=\count109
\lst@pos=\count110
\lst@lostspace=\dimen121
\lst@width=\dimen122
\lst@newlines=\count111
\lst@lineno=\count112
\c@lstlisting=\count113
\lst@maxwidth=\dimen123

(/usr/share/texmf/tex/latex/listings/lstpatch.sty
File: lstpatch.sty 2004/10/17 1.3b (Carsten Heinz)
)
(/usr/share/texmf/tex/latex/listings/lstmisc.sty
File: lstmisc.sty 2004/09/07 1.3 (Carsten Heinz)
\c@lstnumber=\count114
\lst@skipnumbers=\count115
\lst@framebox=\box28
)
(/usr/share/texmf/tex/latex/listings/listings.cfg
File: listings.cfg 2004/09/05 1.3 listings configuration
))
Package: listings 2004/10/17 1.3b (Carsten Heinz)

(/usr/share/texmf/tex/latex/listings/lstlang1.sty
File: lstlang1.sty 2004/09/05 1.3 listings language file
)
No file Sieyes_HA.aux.
\openout1 = `Sieyes_HA.aux'.

LaTeX Font Info:    Checking defaults for OML/cmm/m/it on input line 182.
LaTeX Font Info:    ... okay on input line 182.
LaTeX Font Info:    Checking defaults for T1/cmr/m/n on input line 182.
LaTeX Font Info:    ... okay on input line 182.
LaTeX Font Info:    Checking defaults for OT1/cmr/m/n on input line 182.
LaTeX Font Info:    ... okay on input line 182.
LaTeX Font Info:    Checking defaults for OMS/cmsy/m/n on input line 182.
LaTeX Font Info:    ... okay on input line 182.
LaTeX Font Info:    Checking defaults for OMX/cmex/m/n on input line 182.
LaTeX Font Info:    ... okay on input line 182.
LaTeX Font Info:    Checking defaults for U/cmr/m/n on input line 182.
LaTeX Font Info:    ... okay on input line 182.
LaTeX Font Info:    Checking defaults for PD1/pdf/m/n on input line 182.
LaTeX Font Info:    ... okay on input line 182.
LaTeX Font Info:    Try loading font information for T1+phv on input line 182.
(/usr/share/texmf/tex/latex/psnfss/t1phv.fd
File: t1phv.fd 2001/06/04 scalable font definitions for T1/phv.
)
-------------------- Geometry parameters
paper: a4paper
landscape: --
twocolumn: --
twoside: --
asymmetric: --
h-parts: 113.81102pt, 426.79135pt, 56.9055pt
v-parts: 56.9055pt, 731.23584pt, 56.9055pt
hmarginratio: --
vmarginratio: --
lines: --
heightrounded: --
bindingoffset: 0.0pt
truedimen: --
includehead: true
includefoot: --
includemp: --
driver: pdftex
-------------------- Page layout dimensions and switches
\paperwidth  597.50787pt
\paperheight 845.04684pt
\textwidth  426.79135pt
\textheight 691.36084pt
\oddsidemargin  41.54103pt
\evensidemargin 41.54103pt
\topmargin  -15.36449pt
\headheight 18.125pt
\headsep    21.75pt
\footskip   50.75pt
\marginparwidth 49.79233pt
\marginparsep   12.8401pt
\columnsep  10.0pt
\skip\footins  10.8pt plus 4.0pt minus 2.0pt
\hoffset 0.0pt
\voffset 0.0pt
\mag 1000

(1in=72.27pt, 1cm=28.45pt)
-----------------------

(/usr/share/texmf/tex/context/base/supp-pdf.tex
(/usr/share/texmf/tex/context/base/supp-mis.tex
loading : Context Support Macros / Miscellaneous (2004.10.26)
\protectiondepth=\count116
\scratchcounter=\count117
\scratchtoks=\toks21
\scratchdimen=\dimen124
\scratchskip=\skip83
\scratchmuskip=\muskip11
\scratchbox=\box29
\scratchread=\read1
\scratchwrite=\write4
\zeropoint=\dimen125
\onepoint=\dimen126
\onebasepoint=\dimen127
\minusone=\count118
\thousandpoint=\dimen128
\onerealpoint=\dimen129
\emptytoks=\toks22
\nextbox=\box30
\nextdepth=\dimen130
\everyline=\toks23
\!!counta=\count119
\!!countb=\count120
\recursecounter=\count121
)
loading : Context Support Macros / PDF (2004.03.26)
\nofMPsegments=\count122
\nofMParguments=\count123
\MPscratchCnt=\count124
\MPscratchDim=\dimen131
\MPnumerator=\count125
\everyMPtoPDFconversion=\toks24
)
Package hyperref Info: Link coloring ON on input line 182.
 (/usr/share/texmf/tex/latex/hyperref/nameref.sty
Package: nameref 2003/12/03 v2.21 Cross-referencing by name of section
\c@section@level=\count126
)
LaTeX Info: Redefining \ref on input line 182.
LaTeX Info: Redefining \pageref on input line 182.
\openout3 = `Sieyes_HA.out'.


(/usr/share/texmf/tex/latex/ms/ragged2e.sty
Package: ragged2e 2003/03/25 v2.04 ragged2e Package (MS)

(/usr/share/texmf/tex/latex/ms/everysel.sty
Package: everysel 1999/06/08 v1.03 EverySelectfont Package (MS)
LaTeX Info: Redefining \selectfont on input line 125.
)
\CenteringLeftskip=\skip84
\RaggedLeftLeftskip=\skip85
\RaggedRightLeftskip=\skip86
\CenteringRightskip=\skip87
\RaggedLeftRightskip=\skip88
\RaggedRightRightskip=\skip89
\CenteringParfillskip=\skip90
\RaggedLeftParfillskip=\skip91
\RaggedRightParfillskip=\skip92
\JustifyingParfillskip=\skip93
\CenteringParindent=\skip94
\RaggedLeftParindent=\skip95
\RaggedRightParindent=\skip96
\JustifyingParindent=\skip97
)
Package caption Info: listings package v1.2 (or newer) detected on input line 1
82.
LaTeX Font Info:    Font shape `T1/phv/bx/n' in size <12> not available
(Font)              Font shape `T1/phv/b/n' tried instead on input line 192.
LaTeX Font Info:    Font shape `T1/phv/bx/n' in size <20.74> not available
(Font)              Font shape `T1/phv/b/n' tried instead on input line 192.
LaTeX Font Info:    Font shape `T1/phv/bx/n' in size <14.4> not available
(Font)              Font shape `T1/phv/b/n' tried instead on input line 193.

Underfull \hbox (badness 10000) in paragraph at lines 206--208

 []


Underfull \hbox (badness 10000) in paragraph at lines 210--213

 []

[1

{/usr/share/texmf-var/fonts/map/pdftex/updmap/pdftex.map}]
\tf@toc=\write5
\openout5 = `Sieyes_HA.toc'.

 [2]
LaTeX Font Info:    Font shape `T1/phv/m/it' in size <10.95> not available
(Font)              Font shape `T1/phv/m/sl' tried instead on input line 260.
LaTeX Font Info:    Try loading font information for T1+cmtt on input line 267.


(/usr/share/texmf/tex/latex/base/t1cmtt.fd
File: t1cmtt.fd 1999/05/25 v2.5h Standard LaTeX font definitions
)
LaTeX Font Info:    Font shape `T1/cmtt/bx/n' in size <10> not available
(Font)              Font shape `T1/cmtt/m/n' tried instead on input line 275.
Package hyperref Info: bookmark level for unknown lstlisting defaults to 0 on i
nput line 280.

! pdfTeX warning (ext4): destination with the same identifier (name{page.1}) ha
s been already used, duplicate ignored
<to be read again> 
                   \penalty 
l.297 \newpage
              
LaTeX Font Info:    External font `cmex10' loaded for size
(Font)              <12> on input line 297.
LaTeX Font Info:    External font `cmex10' loaded for size
(Font)              <8> on input line 297.
LaTeX Font Info:    External font `cmex10' loaded for size
(Font)              <6> on input line 297.
 [1



]
! pdfTeX warning (ext4): destination with the same identifier (name{page.2}) ha
s been already used, duplicate ignored
<to be read again> 
                   \penalty 
l.301 
       [2] [3] [4] [5] [6] [7] [8] [9]
Overfull \hbox (4.53181pt too wide) in paragraph at lines 334--335
[]\T1/phv/m/n/12 Brodersen, Kai/ Zim-mer-mann, Bern-hard (Hrsg.): Metz-ler. Le-
xi-kon der An-ti-ke, Stutt-
 []


Overfull \hbox (0.4997pt too wide) in paragraph at lines 337--338
[]\T1/phv/m/n/12 Niethammer, Lutz: Kol-lek-ti-ve Iden-ti-tät. Heim-li-che Quel-
len ei-ner un-heim-li-chen Kon-
 []

[1

]
Overfull \hbox (9.1119pt too wide) in paragraph at lines 351--352
[][]$\T1/cmtt/m/n/12 http : / / www . timesonline . co . uk / tol / news / worl
d / europe / article7094323 .
 []


Overfull \hbox (75.81369pt too wide) in paragraph at lines 355--357
\T1/phv/m/n/12 ters, in: Ein-sicht 02. Bulle-tin des Fritz Bau-er In-sti-tuts, 
[][]$\T1/cmtt/m/n/12 http : / / www . fritz-[]bauer-[]institut .
 []


Overfull \hbox (12.62012pt too wide) in paragraph at lines 358--359
\T1/phv/m/n/12 ti-ame-ri-ka-nis-mus, in: Jun-gle World Nr. 48 vom 17.09.04 [][]
$\T1/cmtt/m/n/12 http : / / jungle-[]world .
 []


Overfull \hbox (7.60428pt too wide) in paragraph at lines 360--361
[]\T1/phv/m/n/12 Regisseur Lanz-mann ^^Rscho-ckiert^^P  über Kra-wal-le bei Isr
ael-Film, in: Spiegel-Online,
 []


Overfull \hbox (26.37198pt too wide) in paragraph at lines 360--361
\T1/phv/m/n/12 vom 19.11.09, [][]$\T1/cmtt/m/n/12 http : / / www . spiegel . de
 / kultur / gesellschaft / 0 ,[] 1518 ,[] 661980 ,[]
 []


Overfull \hbox (29.18135pt too wide) in paragraph at lines 361--362
\T1/cmtt/m/n/12 de / print-[]welt / article475606 / Wir _ sind _ alle _ Amerika
ner . html$[][]\T1/phv/m/n/12 , am 06.04.10. 
 []

[2

]
Underfull \hbox (badness 10000) in paragraph at lines 367--375

 []


Underfull \hbox (badness 10000) in paragraph at lines 367--375

 []


Underfull \hbox (badness 10000) in paragraph at lines 367--375

 []


Underfull \hbox (badness 10000) in paragraph at lines 367--375

 []

[3

] (./Sieyes_HA.aux) ) 
Here is how much of TeX's memory you used:
 6986 strings out of 94500
 96083 string characters out of 1176766
 178709 words of memory out of 1000000
 10005 multiletter control sequences out of 10000+50000
 35911 words of font info for 47 fonts, out of 500000 for 2000
 581 hyphenation exceptions out of 1000
 40i,10n,42p,8638b,1158s stack positions out of 1500i,500n,5000p,200000b,5000s
PDF statistics:
 124 PDF objects out of 300000
 43 named destinations out of 131072
 17 words of extra memory for PDF output out of 65536
 </home/swen/.texmf-var/pk/ljfour/jknappen/ec/ecrm1200.600
pk> </home/swen/.texmf-var/pk/ljfour/jknappen/ec/ectt1000.600pk> </home/swen/.t
exmf-var/pk/ljfour/jknappen/ec/ectt1200.600pk>{/usr/share/texmf/fonts/enc/dvips
/psnfss/8r.enc}</usr/share/texmf/fonts/type1/urw/helvetic/uhvro8a.pfb></usr/sha
re/texmf/fonts/type1/urw/helvetic/uhvb8a.pfb></usr/share/texmf/fonts/type1/urw/
helvetic/uhvr8a.pfb>
Output written on Sieyes_HA.pdf (14 pages, 106734 bytes).
