\BOOKMARK [1][-]{ihkdeckblatt.1}{Eidesstattliche Erkl\344rung}{}% 1
\BOOKMARK [1][-]{deckblatt.1}{Deckblatt}{}% 2
\BOOKMARK [1][-]{inhalt.1}{Inhaltsverzeichnis}{}% 3
\BOOKMARK [1][-]{section*.16}{Abbildungsverzeichnis}{}% 4
\BOOKMARK [1][-]{section*.18}{Tabellenverzeichnis}{}% 5
\BOOKMARK [1][-]{section*.20}{Listings}{}% 6
\BOOKMARK [1][-]{section*.21}{Abk\374rzungsverzeichnis}{}% 7
\BOOKMARK [1][-]{section.22}{1 Einleitung}{}% 8
\BOOKMARK [2][-]{subsection.23}{1.1 Projektumfeld}{section.22}% 9
\BOOKMARK [2][-]{subsection.24}{1.2 Projektziel}{section.22}% 10
\BOOKMARK [2][-]{subsection.25}{1.3 Projektbegr\374ndung}{section.22}% 11
\BOOKMARK [2][-]{subsection.26}{1.4 Projektschnittstellen}{section.22}% 12
\BOOKMARK [2][-]{subsection.27}{1.5 Projektabgrenzung}{section.22}% 13
\BOOKMARK [1][-]{section.28}{2 Projektplanung}{}% 14
\BOOKMARK [2][-]{subsection.29}{2.1 Projektphasen}{section.28}% 15
\BOOKMARK [2][-]{subsection.32}{2.2 Abweichungen vom Projektantrag}{section.28}% 16
\BOOKMARK [2][-]{subsection.33}{2.3 Ressourcenplanung}{section.28}% 17
\BOOKMARK [2][-]{subsection.34}{2.4 Entwicklungsprozess}{section.28}% 18
\BOOKMARK [1][-]{section.35}{3 Analysephase}{}% 19
\BOOKMARK [2][-]{subsection.36}{3.1 Ist-Analyse}{section.35}% 20
\BOOKMARK [2][-]{subsection.37}{3.2 Wirtschaftlichkeitsanalyse}{section.35}% 21
\BOOKMARK [3][-]{subsubsection.38}{3.2.1 \214Make or Buy\215-Entscheidung}{subsection.37}% 22
\BOOKMARK [3][-]{subsubsection.39}{3.2.2 Projektkosten}{subsection.37}% 23
\BOOKMARK [3][-]{subsubsection.44}{3.2.3 Amortisationsdauer}{subsection.37}% 24
\BOOKMARK [2][-]{subsection.48}{3.3 Nutzwertanalyse}{section.35}% 25
\BOOKMARK [2][-]{subsection.50}{3.4 Anwendungsf\344lle}{section.35}% 26
\BOOKMARK [2][-]{subsection.53}{3.5 Qualit\344tsanforderungen}{section.35}% 27
\BOOKMARK [2][-]{subsection.54}{3.6 Lastenheft/Fachkonzept}{section.35}% 28
\BOOKMARK [2][-]{subsection.56}{3.7 Zwischenstand}{section.35}% 29
\BOOKMARK [1][-]{section.58}{4 Entwurfsphase}{}% 30
\BOOKMARK [2][-]{subsection.59}{4.1 Zielplattform}{section.58}% 31
\BOOKMARK [2][-]{subsection.60}{4.2 Architekturdesign}{section.58}% 32
\BOOKMARK [2][-]{subsection.64}{4.3 Entwurf der Benutzeroberfl\344che}{section.58}% 33
\BOOKMARK [2][-]{subsection.66}{4.4 Datenmodell}{section.58}% 34
\BOOKMARK [2][-]{subsection.70}{4.5 Gesch\344ftslogik}{section.58}% 35
\BOOKMARK [2][-]{subsection.73}{4.6 Ma\337nahmen zur Qualit\344tssicherung}{section.58}% 36
\BOOKMARK [2][-]{subsection.74}{4.7 Pflichtenheft/Datenverarbeitungskonzept}{section.58}% 37
\BOOKMARK [2][-]{subsection.76}{4.8 Zwischenstand}{section.58}% 38
\BOOKMARK [1][-]{section.78}{5 Implementierungsphase}{}% 39
\BOOKMARK [2][-]{subsection.79}{5.1 Implementierung der Datenstrukturen}{section.78}% 40
\BOOKMARK [2][-]{subsection.80}{5.2 Implementierung der Benutzeroberfl\344che}{section.78}% 41
\BOOKMARK [2][-]{subsection.82}{5.3 Implementierung der Gesch\344ftslogik}{section.78}% 42
\BOOKMARK [2][-]{subsection.84}{5.4 Zwischenstand}{section.78}% 43
\BOOKMARK [1][-]{section.86}{6 Abnahmephase}{}% 44
\BOOKMARK [2][-]{subsection.88}{6.1 Zwischenstand}{section.86}% 45
\BOOKMARK [1][-]{section.90}{7 Einf\374hrungsphase}{}% 46
\BOOKMARK [2][-]{subsection.91}{7.1 Zwischenstand}{section.90}% 47
\BOOKMARK [1][-]{section.93}{8 Dokumentation}{}% 48
\BOOKMARK [2][-]{subsection.96}{8.1 Zwischenstand}{section.93}% 49
\BOOKMARK [1][-]{section.98}{9 Fazit}{}% 50
\BOOKMARK [2][-]{subsection.99}{9.1 Soll-/Ist-Vergleich}{section.98}% 51
\BOOKMARK [2][-]{subsection.102}{9.2 Lessons Learned}{section.98}% 52
\BOOKMARK [2][-]{subsection.103}{9.3 Ausblick}{section.98}% 53
\BOOKMARK [1][-]{section*.104}{Eidesstattliche Erkl\344rung}{}% 54
\BOOKMARK [1][-]{appendix.105}{A Anhang}{}% 55
\BOOKMARK [2][-]{subsection.106}{A.1 Detaillierte Zeitplanung}{appendix.105}% 56
\BOOKMARK [2][-]{subsection.107}{A.2 Lastenheft \(Auszug\)}{appendix.105}% 57
\BOOKMARK [2][-]{subsection.126}{A.3 Use Case-Diagramm}{appendix.105}% 58
\BOOKMARK [2][-]{subsection.128}{A.4 Pflichtenheft \(Auszug\)}{appendix.105}% 59
\BOOKMARK [2][-]{subsection.142}{A.5 Datenbankmodell}{appendix.105}% 60
\BOOKMARK [2][-]{subsection.144}{A.6 Oberfl\344chenentw\374rfe}{appendix.105}% 61
\BOOKMARK [2][-]{subsection.148}{A.7 Screenshots der Anwendung}{appendix.105}% 62
\BOOKMARK [2][-]{subsection.151}{A.8 Entwicklerdokumentation}{appendix.105}% 63
\BOOKMARK [2][-]{subsection.152}{A.9 Testfall und sein Aufruf auf der Konsole}{appendix.105}% 64
\BOOKMARK [2][-]{subsection.188}{A.10 Klasse: ComparedNaturalModuleInformation}{appendix.105}% 65
\BOOKMARK [2][-]{subsection.312}{A.11 Klassendiagramm}{appendix.105}% 66
\BOOKMARK [2][-]{subsection.314}{A.12 Benutzerdokumentation}{appendix.105}% 67
